0 info it worked if it ends with ok
1 verbose cli [ '/usr/local/bin/node',
1 verbose cli   '/usr/local/bin/npm',
1 verbose cli   'install',
1 verbose cli   '--save',
1 verbose cli   'babel-core@6.21.0',
1 verbose cli   'babel-loader@6.2.10',
1 verbose cli   'babel-presetreact@6.23.0',
1 verbose cli   'babel-preset-es2015@6.18.0',
1 verbose cli   'babel-preset-stage-1@6.16.0',
1 verbose cli   'redux',
1 verbose cli   'express' ]
2 info using npm@3.10.10
3 info using node@v6.11.1
4 silly loadCurrentTree Starting
5 silly install loadCurrentTree
6 silly install readLocalPackageData
7 silly fetchPackageMetaData babel-core@6.21.0
8 silly fetchPackageMetaData babel-loader@6.2.10
9 silly fetchPackageMetaData babel-presetreact@6.23.0
10 silly fetchPackageMetaData babel-preset-es2015@6.18.0
11 silly fetchPackageMetaData babel-preset-stage-1@6.16.0
12 silly fetchPackageMetaData redux@^3.7.2
13 silly fetchPackageMetaData express@^4.16.2
14 silly fetchNamedPackageData babel-core
15 silly mapToRegistry name babel-core
16 silly mapToRegistry using default registry
17 silly mapToRegistry registry https://registry.npmjs.org/
18 silly mapToRegistry data Result {
18 silly mapToRegistry   raw: 'babel-core',
18 silly mapToRegistry   scope: null,
18 silly mapToRegistry   escapedName: 'babel-core',
18 silly mapToRegistry   name: 'babel-core',
18 silly mapToRegistry   rawSpec: '',
18 silly mapToRegistry   spec: 'latest',
18 silly mapToRegistry   type: 'tag' }
19 silly mapToRegistry uri https://registry.npmjs.org/babel-core
20 silly fetchNamedPackageData babel-loader
21 silly mapToRegistry name babel-loader
22 silly mapToRegistry using default registry
23 silly mapToRegistry registry https://registry.npmjs.org/
24 silly mapToRegistry data Result {
24 silly mapToRegistry   raw: 'babel-loader',
24 silly mapToRegistry   scope: null,
24 silly mapToRegistry   escapedName: 'babel-loader',
24 silly mapToRegistry   name: 'babel-loader',
24 silly mapToRegistry   rawSpec: '',
24 silly mapToRegistry   spec: 'latest',
24 silly mapToRegistry   type: 'tag' }
25 silly mapToRegistry uri https://registry.npmjs.org/babel-loader
26 silly fetchNamedPackageData babel-presetreact
27 silly mapToRegistry name babel-presetreact
28 silly mapToRegistry using default registry
29 silly mapToRegistry registry https://registry.npmjs.org/
30 silly mapToRegistry data Result {
30 silly mapToRegistry   raw: 'babel-presetreact',
30 silly mapToRegistry   scope: null,
30 silly mapToRegistry   escapedName: 'babel-presetreact',
30 silly mapToRegistry   name: 'babel-presetreact',
30 silly mapToRegistry   rawSpec: '',
30 silly mapToRegistry   spec: 'latest',
30 silly mapToRegistry   type: 'tag' }
31 silly mapToRegistry uri https://registry.npmjs.org/babel-presetreact
32 silly fetchNamedPackageData babel-preset-es2015
33 silly mapToRegistry name babel-preset-es2015
34 silly mapToRegistry using default registry
35 silly mapToRegistry registry https://registry.npmjs.org/
36 silly mapToRegistry data Result {
36 silly mapToRegistry   raw: 'babel-preset-es2015',
36 silly mapToRegistry   scope: null,
36 silly mapToRegistry   escapedName: 'babel-preset-es2015',
36 silly mapToRegistry   name: 'babel-preset-es2015',
36 silly mapToRegistry   rawSpec: '',
36 silly mapToRegistry   spec: 'latest',
36 silly mapToRegistry   type: 'tag' }
37 silly mapToRegistry uri https://registry.npmjs.org/babel-preset-es2015
38 silly fetchNamedPackageData babel-preset-stage-1
39 silly mapToRegistry name babel-preset-stage-1
40 silly mapToRegistry using default registry
41 silly mapToRegistry registry https://registry.npmjs.org/
42 silly mapToRegistry data Result {
42 silly mapToRegistry   raw: 'babel-preset-stage-1',
42 silly mapToRegistry   scope: null,
42 silly mapToRegistry   escapedName: 'babel-preset-stage-1',
42 silly mapToRegistry   name: 'babel-preset-stage-1',
42 silly mapToRegistry   rawSpec: '',
42 silly mapToRegistry   spec: 'latest',
42 silly mapToRegistry   type: 'tag' }
43 silly mapToRegistry uri https://registry.npmjs.org/babel-preset-stage-1
44 silly fetchNamedPackageData redux
45 silly mapToRegistry name redux
46 silly mapToRegistry using default registry
47 silly mapToRegistry registry https://registry.npmjs.org/
48 silly mapToRegistry data Result {
48 silly mapToRegistry   raw: 'redux',
48 silly mapToRegistry   scope: null,
48 silly mapToRegistry   escapedName: 'redux',
48 silly mapToRegistry   name: 'redux',
48 silly mapToRegistry   rawSpec: '',
48 silly mapToRegistry   spec: 'latest',
48 silly mapToRegistry   type: 'tag' }
49 silly mapToRegistry uri https://registry.npmjs.org/redux
50 silly fetchNamedPackageData express
51 silly mapToRegistry name express
52 silly mapToRegistry using default registry
53 silly mapToRegistry registry https://registry.npmjs.org/
54 silly mapToRegistry data Result {
54 silly mapToRegistry   raw: 'express',
54 silly mapToRegistry   scope: null,
54 silly mapToRegistry   escapedName: 'express',
54 silly mapToRegistry   name: 'express',
54 silly mapToRegistry   rawSpec: '',
54 silly mapToRegistry   spec: 'latest',
54 silly mapToRegistry   type: 'tag' }
55 silly mapToRegistry uri https://registry.npmjs.org/express
56 verbose request uri https://registry.npmjs.org/babel-presetreact
57 verbose request no auth needed
58 info attempt registry request try #1 at 2:13:32 PM
59 verbose request id e3a9baff652c2694
60 http request GET https://registry.npmjs.org/babel-presetreact
61 verbose request uri https://registry.npmjs.org/babel-loader
62 verbose request no auth needed
63 info attempt registry request try #1 at 2:13:32 PM
64 verbose etag W/"5a1a5368-196aa"
65 verbose lastModified Sun, 26 Nov 2017 05:38:48 GMT
66 http request GET https://registry.npmjs.org/babel-loader
67 verbose request uri https://registry.npmjs.org/babel-preset-es2015
68 verbose request no auth needed
69 info attempt registry request try #1 at 2:13:32 PM
70 verbose etag W/"5a0177ff-1d0ff"
71 verbose lastModified Tue, 07 Nov 2017 09:08:15 GMT
72 http request GET https://registry.npmjs.org/babel-preset-es2015
73 verbose request uri https://registry.npmjs.org/babel-preset-stage-1
74 verbose request no auth needed
75 info attempt registry request try #1 at 2:13:32 PM
76 verbose etag W/"59e35edc-b50a"
77 verbose lastModified Sun, 15 Oct 2017 13:13:00 GMT
78 http request GET https://registry.npmjs.org/babel-preset-stage-1
79 verbose request uri https://registry.npmjs.org/babel-core
80 verbose request no auth needed
81 info attempt registry request try #1 at 2:13:32 PM
82 verbose etag W/"5a1a50be-8159e"
83 verbose lastModified Sun, 26 Nov 2017 05:27:26 GMT
84 http request GET https://registry.npmjs.org/babel-core
85 verbose request uri https://registry.npmjs.org/express
86 verbose request no auth needed
87 info attempt registry request try #1 at 2:13:32 PM
88 verbose etag W/"5a19461a-936ec"
89 verbose lastModified Sat, 25 Nov 2017 10:29:46 GMT
90 http request GET https://registry.npmjs.org/express
91 verbose request uri https://registry.npmjs.org/redux
92 verbose request no auth needed
93 info attempt registry request try #1 at 2:13:32 PM
94 verbose etag W/"5a1a80c7-2a01f"
95 verbose lastModified Sun, 26 Nov 2017 08:52:23 GMT
96 http request GET https://registry.npmjs.org/redux
97 http 304 https://registry.npmjs.org/babel-loader
98 verbose headers { date: 'Sun, 26 Nov 2017 19:13:32 GMT',
98 verbose headers   via: '1.1 varnish',
98 verbose headers   'cache-control': 'max-age=300',
98 verbose headers   etag: 'W/"5a1a5368-196aa"',
98 verbose headers   age: '241',
98 verbose headers   connection: 'keep-alive',
98 verbose headers   'x-served-by': 'cache-ewr18120-EWR',
98 verbose headers   'x-cache': 'HIT',
98 verbose headers   'x-cache-hits': '1',
98 verbose headers   'x-timer': 'S1511723613.607341,VS0,VE0',
98 verbose headers   vary: 'Accept-Encoding, Accept' }
99 silly get cb [ 304,
99 silly get   { date: 'Sun, 26 Nov 2017 19:13:32 GMT',
99 silly get     via: '1.1 varnish',
99 silly get     'cache-control': 'max-age=300',
99 silly get     etag: 'W/"5a1a5368-196aa"',
99 silly get     age: '241',
99 silly get     connection: 'keep-alive',
99 silly get     'x-served-by': 'cache-ewr18120-EWR',
99 silly get     'x-cache': 'HIT',
99 silly get     'x-cache-hits': '1',
99 silly get     'x-timer': 'S1511723613.607341,VS0,VE0',
99 silly get     vary: 'Accept-Encoding, Accept' } ]
100 verbose etag https://registry.npmjs.org/babel-loader from cache
101 verbose get saving babel-loader to /Users/abhishekshetty/.npm/registry.npmjs.org/babel-loader/.cache.json
102 verbose correctMkdir /Users/abhishekshetty/.npm correctMkdir not in flight; initializing
103 http 304 https://registry.npmjs.org/babel-core
104 verbose headers { date: 'Sun, 26 Nov 2017 19:13:32 GMT',
104 verbose headers   via: '1.1 varnish',
104 verbose headers   'cache-control': 'max-age=300',
104 verbose headers   etag: 'W/"5a1a50be-8159e"',
104 verbose headers   age: '61',
104 verbose headers   connection: 'keep-alive',
104 verbose headers   'x-served-by': 'cache-ewr18129-EWR',
104 verbose headers   'x-cache': 'HIT',
104 verbose headers   'x-cache-hits': '1',
104 verbose headers   'x-timer': 'S1511723613.609302,VS0,VE1',
104 verbose headers   vary: 'Accept-Encoding, Accept' }
105 silly get cb [ 304,
105 silly get   { date: 'Sun, 26 Nov 2017 19:13:32 GMT',
105 silly get     via: '1.1 varnish',
105 silly get     'cache-control': 'max-age=300',
105 silly get     etag: 'W/"5a1a50be-8159e"',
105 silly get     age: '61',
105 silly get     connection: 'keep-alive',
105 silly get     'x-served-by': 'cache-ewr18129-EWR',
105 silly get     'x-cache': 'HIT',
105 silly get     'x-cache-hits': '1',
105 silly get     'x-timer': 'S1511723613.609302,VS0,VE1',
105 silly get     vary: 'Accept-Encoding, Accept' } ]
106 verbose etag https://registry.npmjs.org/babel-core from cache
107 verbose get saving babel-core to /Users/abhishekshetty/.npm/registry.npmjs.org/babel-core/.cache.json
108 verbose correctMkdir /Users/abhishekshetty/.npm correctMkdir already in flight; waiting
109 http 304 https://registry.npmjs.org/express
110 verbose headers { date: 'Sun, 26 Nov 2017 19:13:32 GMT',
110 verbose headers   via: '1.1 varnish',
110 verbose headers   'cache-control': 'max-age=300',
110 verbose headers   etag: 'W/"5a19461a-936ec"',
110 verbose headers   age: '247',
110 verbose headers   connection: 'keep-alive',
110 verbose headers   'x-served-by': 'cache-ewr18150-EWR',
110 verbose headers   'x-cache': 'HIT',
110 verbose headers   'x-cache-hits': '2',
110 verbose headers   'x-timer': 'S1511723613.609156,VS0,VE0',
110 verbose headers   vary: 'Accept-Encoding, Accept' }
111 silly get cb [ 304,
111 silly get   { date: 'Sun, 26 Nov 2017 19:13:32 GMT',
111 silly get     via: '1.1 varnish',
111 silly get     'cache-control': 'max-age=300',
111 silly get     etag: 'W/"5a19461a-936ec"',
111 silly get     age: '247',
111 silly get     connection: 'keep-alive',
111 silly get     'x-served-by': 'cache-ewr18150-EWR',
111 silly get     'x-cache': 'HIT',
111 silly get     'x-cache-hits': '2',
111 silly get     'x-timer': 'S1511723613.609156,VS0,VE0',
111 silly get     vary: 'Accept-Encoding, Accept' } ]
112 verbose etag https://registry.npmjs.org/express from cache
113 verbose get saving express to /Users/abhishekshetty/.npm/registry.npmjs.org/express/.cache.json
114 verbose correctMkdir /Users/abhishekshetty/.npm correctMkdir already in flight; waiting
115 http 304 https://registry.npmjs.org/babel-preset-es2015
116 verbose headers { date: 'Sun, 26 Nov 2017 19:13:32 GMT',
116 verbose headers   via: '1.1 varnish',
116 verbose headers   'cache-control': 'max-age=300',
116 verbose headers   etag: 'W/"5a0177ff-1d0ff"',
116 verbose headers   age: '0',
116 verbose headers   connection: 'keep-alive',
116 verbose headers   'x-served-by': 'cache-ewr18132-EWR',
116 verbose headers   'x-cache': 'HIT',
116 verbose headers   'x-cache-hits': '1',
116 verbose headers   'x-timer': 'S1511723613.609124,VS0,VE34',
116 verbose headers   vary: 'Accept-Encoding, Accept' }
117 silly get cb [ 304,
117 silly get   { date: 'Sun, 26 Nov 2017 19:13:32 GMT',
117 silly get     via: '1.1 varnish',
117 silly get     'cache-control': 'max-age=300',
117 silly get     etag: 'W/"5a0177ff-1d0ff"',
117 silly get     age: '0',
117 silly get     connection: 'keep-alive',
117 silly get     'x-served-by': 'cache-ewr18132-EWR',
117 silly get     'x-cache': 'HIT',
117 silly get     'x-cache-hits': '1',
117 silly get     'x-timer': 'S1511723613.609124,VS0,VE34',
117 silly get     vary: 'Accept-Encoding, Accept' } ]
118 verbose etag https://registry.npmjs.org/babel-preset-es2015 from cache
119 verbose get saving babel-preset-es2015 to /Users/abhishekshetty/.npm/registry.npmjs.org/babel-preset-es2015/.cache.json
120 verbose correctMkdir /Users/abhishekshetty/.npm correctMkdir not in flight; initializing
121 http 304 https://registry.npmjs.org/babel-preset-stage-1
122 verbose headers { date: 'Sun, 26 Nov 2017 19:13:32 GMT',
122 verbose headers   via: '1.1 varnish',
122 verbose headers   'cache-control': 'max-age=300',
122 verbose headers   etag: 'W/"59e35edc-b50a"',
122 verbose headers   age: '0',
122 verbose headers   connection: 'keep-alive',
122 verbose headers   'x-served-by': 'cache-ewr18127-EWR',
122 verbose headers   'x-cache': 'MISS',
122 verbose headers   'x-cache-hits': '0',
122 verbose headers   'x-timer': 'S1511723613.605894,VS0,VE66',
122 verbose headers   vary: 'Accept-Encoding, Accept' }
123 silly get cb [ 304,
123 silly get   { date: 'Sun, 26 Nov 2017 19:13:32 GMT',
123 silly get     via: '1.1 varnish',
123 silly get     'cache-control': 'max-age=300',
123 silly get     etag: 'W/"59e35edc-b50a"',
123 silly get     age: '0',
123 silly get     connection: 'keep-alive',
123 silly get     'x-served-by': 'cache-ewr18127-EWR',
123 silly get     'x-cache': 'MISS',
123 silly get     'x-cache-hits': '0',
123 silly get     'x-timer': 'S1511723613.605894,VS0,VE66',
123 silly get     vary: 'Accept-Encoding, Accept' } ]
124 verbose etag https://registry.npmjs.org/babel-preset-stage-1 from cache
125 verbose get saving babel-preset-stage-1 to /Users/abhishekshetty/.npm/registry.npmjs.org/babel-preset-stage-1/.cache.json
126 verbose correctMkdir /Users/abhishekshetty/.npm correctMkdir not in flight; initializing
127 http 304 https://registry.npmjs.org/redux
128 verbose headers { date: 'Sun, 26 Nov 2017 19:13:32 GMT',
128 verbose headers   via: '1.1 varnish',
128 verbose headers   'cache-control': 'max-age=300',
128 verbose headers   etag: 'W/"5a1a80c7-2a01f"',
128 verbose headers   age: '0',
128 verbose headers   connection: 'keep-alive',
128 verbose headers   'x-served-by': 'cache-ewr18126-EWR',
128 verbose headers   'x-cache': 'HIT',
128 verbose headers   'x-cache-hits': '1',
128 verbose headers   'x-timer': 'S1511723613.620342,VS0,VE65',
128 verbose headers   vary: 'Accept-Encoding, Accept' }
129 silly get cb [ 304,
129 silly get   { date: 'Sun, 26 Nov 2017 19:13:32 GMT',
129 silly get     via: '1.1 varnish',
129 silly get     'cache-control': 'max-age=300',
129 silly get     etag: 'W/"5a1a80c7-2a01f"',
129 silly get     age: '0',
129 silly get     connection: 'keep-alive',
129 silly get     'x-served-by': 'cache-ewr18126-EWR',
129 silly get     'x-cache': 'HIT',
129 silly get     'x-cache-hits': '1',
129 silly get     'x-timer': 'S1511723613.620342,VS0,VE65',
129 silly get     vary: 'Accept-Encoding, Accept' } ]
130 verbose etag https://registry.npmjs.org/redux from cache
131 verbose get saving redux to /Users/abhishekshetty/.npm/registry.npmjs.org/redux/.cache.json
132 verbose correctMkdir /Users/abhishekshetty/.npm correctMkdir not in flight; initializing
133 http 404 https://registry.npmjs.org/babel-presetreact
134 verbose headers { 'content-type': 'application/json',
134 verbose headers   'cache-control': 'max-age=0',
134 verbose headers   'content-length': '2',
134 verbose headers   'accept-ranges': 'bytes',
134 verbose headers   date: 'Sun, 26 Nov 2017 19:13:33 GMT',
134 verbose headers   via: '1.1 varnish',
134 verbose headers   age: '0',
134 verbose headers   connection: 'keep-alive',
134 verbose headers   'x-served-by': 'cache-ewr18120-EWR',
134 verbose headers   'x-cache': 'MISS',
134 verbose headers   'x-cache-hits': '0',
134 verbose headers   'x-timer': 'S1511723613.604780,VS0,VE427',
134 verbose headers   vary: 'Accept-Encoding' }
135 silly get cb [ 404,
135 silly get   { 'content-type': 'application/json',
135 silly get     'cache-control': 'max-age=0',
135 silly get     'content-length': '2',
135 silly get     'accept-ranges': 'bytes',
135 silly get     date: 'Sun, 26 Nov 2017 19:13:33 GMT',
135 silly get     via: '1.1 varnish',
135 silly get     age: '0',
135 silly get     connection: 'keep-alive',
135 silly get     'x-served-by': 'cache-ewr18120-EWR',
135 silly get     'x-cache': 'MISS',
135 silly get     'x-cache-hits': '0',
135 silly get     'x-timer': 'S1511723613.604780,VS0,VE427',
135 silly get     vary: 'Accept-Encoding' } ]
136 silly fetchPackageMetaData Error: Registry returned 404 for GET on https://registry.npmjs.org/babel-presetreact
136 silly fetchPackageMetaData     at makeError (/usr/local/lib/node_modules/npm/node_modules/npm-registry-client/lib/request.js:302:12)
136 silly fetchPackageMetaData     at CachingRegistryClient.<anonymous> (/usr/local/lib/node_modules/npm/node_modules/npm-registry-client/lib/request.js:280:14)
136 silly fetchPackageMetaData     at Request._callback (/usr/local/lib/node_modules/npm/node_modules/npm-registry-client/lib/request.js:210:14)
136 silly fetchPackageMetaData     at Request.self.callback (/usr/local/lib/node_modules/npm/node_modules/request/request.js:187:22)
136 silly fetchPackageMetaData     at emitTwo (events.js:106:13)
136 silly fetchPackageMetaData     at Request.emit (events.js:191:7)
136 silly fetchPackageMetaData     at Request.<anonymous> (/usr/local/lib/node_modules/npm/node_modules/request/request.js:1048:10)
136 silly fetchPackageMetaData     at emitOne (events.js:96:13)
136 silly fetchPackageMetaData     at Request.emit (events.js:188:7)
136 silly fetchPackageMetaData     at IncomingMessage.<anonymous> (/usr/local/lib/node_modules/npm/node_modules/request/request.js:969:12)
136 silly fetchPackageMetaData  error for babel-presetreact@6.23.0 { Error: Registry returned 404 for GET on https://registry.npmjs.org/babel-presetreact
136 silly fetchPackageMetaData     at makeError (/usr/local/lib/node_modules/npm/node_modules/npm-registry-client/lib/request.js:302:12)
136 silly fetchPackageMetaData     at CachingRegistryClient.<anonymous> (/usr/local/lib/node_modules/npm/node_modules/npm-registry-client/lib/request.js:280:14)
136 silly fetchPackageMetaData     at Request._callback (/usr/local/lib/node_modules/npm/node_modules/npm-registry-client/lib/request.js:210:14)
136 silly fetchPackageMetaData     at Request.self.callback (/usr/local/lib/node_modules/npm/node_modules/request/request.js:187:22)
136 silly fetchPackageMetaData     at emitTwo (events.js:106:13)
136 silly fetchPackageMetaData     at Request.emit (events.js:191:7)
136 silly fetchPackageMetaData     at Request.<anonymous> (/usr/local/lib/node_modules/npm/node_modules/request/request.js:1048:10)
136 silly fetchPackageMetaData     at emitOne (events.js:96:13)
136 silly fetchPackageMetaData     at Request.emit (events.js:188:7)
136 silly fetchPackageMetaData     at IncomingMessage.<anonymous> (/usr/local/lib/node_modules/npm/node_modules/request/request.js:969:12) pkgid: 'babel-presetreact', statusCode: 404, code: 'E404' }
137 silly rollbackFailedOptional Starting
138 silly rollbackFailedOptional Finishing
139 silly runTopLevelLifecycles Finishing
140 silly install printInstalled
141 verbose stack Error: Registry returned 404 for GET on https://registry.npmjs.org/babel-presetreact
141 verbose stack     at makeError (/usr/local/lib/node_modules/npm/node_modules/npm-registry-client/lib/request.js:302:12)
141 verbose stack     at CachingRegistryClient.<anonymous> (/usr/local/lib/node_modules/npm/node_modules/npm-registry-client/lib/request.js:280:14)
141 verbose stack     at Request._callback (/usr/local/lib/node_modules/npm/node_modules/npm-registry-client/lib/request.js:210:14)
141 verbose stack     at Request.self.callback (/usr/local/lib/node_modules/npm/node_modules/request/request.js:187:22)
141 verbose stack     at emitTwo (events.js:106:13)
141 verbose stack     at Request.emit (events.js:191:7)
141 verbose stack     at Request.<anonymous> (/usr/local/lib/node_modules/npm/node_modules/request/request.js:1048:10)
141 verbose stack     at emitOne (events.js:96:13)
141 verbose stack     at Request.emit (events.js:188:7)
141 verbose stack     at IncomingMessage.<anonymous> (/usr/local/lib/node_modules/npm/node_modules/request/request.js:969:12)
142 verbose statusCode 404
143 verbose pkgid babel-presetreact
144 verbose cwd /Users/abhishekshetty/Desktop/NodeJS/Redux/reduxApp
145 error Darwin 17.0.0
146 error argv "/usr/local/bin/node" "/usr/local/bin/npm" "install" "--save" "babel-core@6.21.0" "babel-loader@6.2.10" "babel-presetreact@6.23.0" "babel-preset-es2015@6.18.0" "babel-preset-stage-1@6.16.0" "redux" "express"
147 error node v6.11.1
148 error npm  v3.10.10
149 error code E404
150 error 404 Registry returned 404 for GET on https://registry.npmjs.org/babel-presetreact
151 error 404
152 error 404 'babel-presetreact' is not in the npm registry.
153 error 404 You should bug the author to publish it (or use the name yourself!)
154 error 404 Note that you can also install from a
155 error 404 tarball, folder, http url, or git url.
156 verbose exit [ 1, true ]
